<?xml version="1.0" encoding="UTF-8"?>
<!-- Generated by org.testng.reporters.JUnitReportReporter -->
<testsuite hostname="user4" failures="0" tests="5" name="runners.ArticleRunner" time="25.839" errors="0" timestamp="2024-11-19T18:57:37 IST" skipped="0">
  <testcase classname="runners.ArticleRunner" name="runScenario" time="3.745"/>
  <system-out/>
  <testcase classname="runners.ArticleRunner" name="runScenario" time="2.886"/>
  <system-out/>
  <testcase classname="runners.ArticleRunner" name="runScenario" time="9.614"/>
  <system-out/>
  <testcase classname="runners.ArticleRunner" name="runScenario" time="7.296"/>
  <system-out/>
  <testcase classname="runners.ArticleRunner" name="runScenario" time="2.298"/>
  <system-out/>
</testsuite> <!-- runners.ArticleRunner -->
