<?xml version="1.0" encoding="UTF-8"?>
<!-- Generated by org.testng.reporters.JUnitReportReporter -->
<testsuite hostname="user4" failures="0" tests="5" name="runners.ArticleRunner" time="24.655" errors="0" timestamp="2024-11-19T16:34:47 IST" skipped="0">
  <testcase classname="runners.ArticleRunner" name="runScenario" time="6.628"/>
  <system-out/>
  <testcase classname="runners.ArticleRunner" name="runScenario" time="3.912"/>
  <system-out/>
  <testcase classname="runners.ArticleRunner" name="runScenario" time="2.323"/>
  <system-out/>
  <testcase classname="runners.ArticleRunner" name="runScenario" time="8.869"/>
  <system-out/>
  <testcase classname="runners.ArticleRunner" name="runScenario" time="2.923"/>
  <system-out/>
</testsuite> <!-- runners.ArticleRunner -->
