<?xml version="1.0" encoding="UTF-8"?>
<!-- Generated by org.testng.reporters.JUnitReportReporter -->
<testsuite hostname="user4" failures="0" tests="1" name="testScripts.ArticleCreationCS" time="5.227" errors="0" timestamp="2024-11-19T13:59:28 IST" skipped="0">
  <testcase classname="testScripts.ArticleCreationCS" name="setup" time="5.227"/>
  <system-out/>
</testsuite> <!-- testScripts.ArticleCreationCS -->
