<?xml version="1.0" encoding="UTF-8"?>
<!-- Generated by org.testng.reporters.JUnitReportReporter -->
<testsuite hostname="user4" failures="0" tests="4" name="runners.ArticleRunner" time="21.850" errors="0" timestamp="2024-11-19T16:03:11 IST" skipped="0">
  <testcase classname="runners.ArticleRunner" name="runScenario" time="8.592"/>
  <system-out/>
  <testcase classname="runners.ArticleRunner" name="runScenario" time="6.630"/>
  <system-out/>
  <testcase classname="runners.ArticleRunner" name="runScenario" time="2.847"/>
  <system-out/>
  <testcase classname="runners.ArticleRunner" name="runScenario" time="3.781"/>
  <system-out/>
</testsuite> <!-- runners.ArticleRunner -->
